<?xml version="1.0" encoding="UTF-8"?>
<testsuite name="冰箱屏端测试"
           tests="101"
           failures="1"
           errors="0"
           skipped="100"
           time="76.978">
  <properties />
            <testcase name="beforclass" time="76.978" classname="test.test01">
                <failure type="java.lang.AssertionError"
                  message="expected [true] but found [false]"
              >
<![CDATA[java.lang.AssertionError: expected [true] but found [false]
  org.testng.Assert.fail(Assert.java:93)
  org.testng.Assert.failNotEquals(Assert.java:512)
  org.testng.Assert.assertTrue(Assert.java:41)
  org.testng.Assert.assertTrue(Assert.java:51)
  app.ui.start.StartApp.test(StartApp.java:28)
  app.ui.start.StartApp.start_up(StartApp.java:54)
  test.test01.beforclass(test01.java:39)
  sun.reflect.NativeMethodAccessorImpl.invoke0(Native Method)
  sun.reflect.NativeMethodAccessorImpl.invoke(NativeMethodAccessorImpl.java:62)
  sun.reflect.DelegatingMethodAccessorImpl.invoke(DelegatingMethodAccessorImpl.java:43)
  java.lang.reflect.Method.invoke(Method.java:497)
  org.testng.internal.MethodInvocationHelper.invokeMethod(MethodInvocationHelper.java:108)
  org.testng.internal.Invoker.invokeConfigurationMethod(Invoker.java:523)
  org.testng.internal.Invoker.invokeConfigurations(Invoker.java:224)
  org.testng.internal.Invoker.invokeConfigurations(Invoker.java:146)
  org.testng.internal.TestMethodWorker.invokeBeforeClassMethods(TestMethodWorker.java:166)
  org.testng.internal.TestMethodWorker.run(TestMethodWorker.java:105)
  org.testng.TestRunner.privateRun(TestRunner.java:744)
  org.testng.TestRunner.run(TestRunner.java:602)
  org.testng.SuiteRunner.runTest(SuiteRunner.java:380)
  org.testng.SuiteRunner.runSequentially(SuiteRunner.java:375)
  org.testng.SuiteRunner.privateRun(SuiteRunner.java:340)
  org.testng.SuiteRunner.run(SuiteRunner.java:289)
  org.testng.SuiteRunnerWorker.runSuite(SuiteRunnerWorker.java:52)
  org.testng.SuiteRunnerWorker.run(SuiteRunnerWorker.java:86)
  org.testng.TestNG.runSuitesSequentially(TestNG.java:1301)
  org.testng.TestNG.runSuitesLocally(TestNG.java:1226)
  org.testng.TestNG.runSuites(TestNG.java:1144)
  org.testng.TestNG.run(TestNG.java:1115)
  org.testng.IDEARemoteTestNG.run(IDEARemoteTestNG.java:73)
  org.testng.RemoteTestNGStarter.main(RemoteTestNGStarter.java:123)
]]>
      </failure>

          </testcase>
  
            <testcase name="testHeater" time="0.0" classname="test.test01">
          <skipped />
    </testcase>
            <testcase name="testHeater" time="0.0" classname="test.test01">
          <skipped />
    </testcase>
            <testcase name="testHeater" time="0.0" classname="test.test01">
          <skipped />
    </testcase>
            <testcase name="testHeater" time="0.0" classname="test.test01">
          <skipped />
    </testcase>
            <testcase name="testHeater" time="0.0" classname="test.test01">
          <skipped />
    </testcase>
            <testcase name="testHeater" time="0.0" classname="test.test01">
          <skipped />
    </testcase>
            <testcase name="testHeater" time="0.0" classname="test.test01">
          <skipped />
    </testcase>
            <testcase name="testHeater" time="0.0" classname="test.test01">
          <skipped />
    </testcase>
            <testcase name="testHeater" time="0.0" classname="test.test01">
          <skipped />
    </testcase>
            <testcase name="testHeater" time="0.0" classname="test.test01">
          <skipped />
    </testcase>
            <testcase name="testHeater" time="0.0" classname="test.test01">
          <skipped />
    </testcase>
            <testcase name="testHeater" time="0.0" classname="test.test01">
          <skipped />
    </testcase>
            <testcase name="testHeater" time="0.0" classname="test.test01">
          <skipped />
    </testcase>
            <testcase name="testHeater" time="0.0" classname="test.test01">
          <skipped />
    </testcase>
            <testcase name="testHeater" time="0.0" classname="test.test01">
          <skipped />
    </testcase>
            <testcase name="testHeater" time="0.0" classname="test.test01">
          <skipped />
    </testcase>
            <testcase name="testHeater" time="0.0" classname="test.test01">
          <skipped />
    </testcase>
            <testcase name="testHeater" time="0.0" classname="test.test01">
          <skipped />
    </testcase>
            <testcase name="testHeater" time="0.0" classname="test.test01">
          <skipped />
    </testcase>
            <testcase name="testHeater" time="0.0" classname="test.test01">
          <skipped />
    </testcase>
            <testcase name="testHeater" time="0.0" classname="test.test01">
          <skipped />
    </testcase>
            <testcase name="testHeater" time="0.0" classname="test.test01">
          <skipped />
    </testcase>
            <testcase name="testHeater" time="0.0" classname="test.test01">
          <skipped />
    </testcase>
            <testcase name="testHeater" time="0.0" classname="test.test01">
          <skipped />
    </testcase>
            <testcase name="testHeater" time="0.0" classname="test.test01">
          <skipped />
    </testcase>
            <testcase name="testHeater" time="0.0" classname="test.test01">
          <skipped />
    </testcase>
            <testcase name="testHeater" time="0.0" classname="test.test01">
          <skipped />
    </testcase>
            <testcase name="testHeater" time="0.0" classname="test.test01">
          <skipped />
    </testcase>
            <testcase name="testHeater" time="0.0" classname="test.test01">
          <skipped />
    </testcase>
            <testcase name="testHeater" time="0.0" classname="test.test01">
          <skipped />
    </testcase>
            <testcase name="testHeater" time="0.0" classname="test.test01">
          <skipped />
    </testcase>
            <testcase name="testHeater" time="0.0" classname="test.test01">
          <skipped />
    </testcase>
            <testcase name="testHeater" time="0.0" classname="test.test01">
          <skipped />
    </testcase>
            <testcase name="testHeater" time="0.0" classname="test.test01">
          <skipped />
    </testcase>
            <testcase name="testHeater" time="0.0" classname="test.test01">
          <skipped />
    </testcase>
            <testcase name="testHeater" time="0.0" classname="test.test01">
          <skipped />
    </testcase>
            <testcase name="testHeater" time="0.0" classname="test.test01">
          <skipped />
    </testcase>
            <testcase name="testHeater" time="0.0" classname="test.test01">
          <skipped />
    </testcase>
            <testcase name="testHeater" time="0.0" classname="test.test01">
          <skipped />
    </testcase>
            <testcase name="testHeater" time="0.0" classname="test.test01">
          <skipped />
    </testcase>
            <testcase name="testHeater" time="0.0" classname="test.test01">
          <skipped />
    </testcase>
            <testcase name="testHeater" time="0.0" classname="test.test01">
          <skipped />
    </testcase>
            <testcase name="testHeater" time="0.0" classname="test.test01">
          <skipped />
    </testcase>
            <testcase name="testHeater" time="0.0" classname="test.test01">
          <skipped />
    </testcase>
            <testcase name="testHeater" time="0.0" classname="test.test01">
          <skipped />
    </testcase>
            <testcase name="testHeater" time="0.0" classname="test.test01">
          <skipped />
    </testcase>
            <testcase name="testHeater" time="0.0" classname="test.test01">
          <skipped />
    </testcase>
            <testcase name="testHeater" time="0.0" classname="test.test01">
          <skipped />
    </testcase>
            <testcase name="testHeater" time="0.0" classname="test.test01">
          <skipped />
    </testcase>
            <testcase name="testHeater" time="0.0" classname="test.test01">
          <skipped />
    </testcase>
            <testcase name="testHeater" time="0.0" classname="test.test01">
          <skipped />
    </testcase>
            <testcase name="testHeater" time="0.0" classname="test.test01">
          <skipped />
    </testcase>
            <testcase name="testHeater" time="0.0" classname="test.test01">
          <skipped />
    </testcase>
            <testcase name="testHeater" time="0.0" classname="test.test01">
          <skipped />
    </testcase>
            <testcase name="testHeater" time="0.0" classname="test.test01">
          <skipped />
    </testcase>
            <testcase name="testHeater" time="0.0" classname="test.test01">
          <skipped />
    </testcase>
            <testcase name="testHeater" time="0.0" classname="test.test01">
          <skipped />
    </testcase>
            <testcase name="testHeater" time="0.0" classname="test.test01">
          <skipped />
    </testcase>
            <testcase name="testHeater" time="0.0" classname="test.test01">
          <skipped />
    </testcase>
            <testcase name="testHeater" time="0.0" classname="test.test01">
          <skipped />
    </testcase>
            <testcase name="testHeater" time="0.0" classname="test.test01">
          <skipped />
    </testcase>
            <testcase name="testHeater" time="0.0" classname="test.test01">
          <skipped />
    </testcase>
            <testcase name="testHeater" time="0.0" classname="test.test01">
          <skipped />
    </testcase>
            <testcase name="testHeater" time="0.0" classname="test.test01">
          <skipped />
    </testcase>
            <testcase name="testHeater" time="0.0" classname="test.test01">
          <skipped />
    </testcase>
            <testcase name="testHeater" time="0.0" classname="test.test01">
          <skipped />
    </testcase>
            <testcase name="testHeater" time="0.0" classname="test.test01">
          <skipped />
    </testcase>
            <testcase name="testHeater" time="0.0" classname="test.test01">
          <skipped />
    </testcase>
            <testcase name="testHeater" time="0.0" classname="test.test01">
          <skipped />
    </testcase>
            <testcase name="testHeater" time="0.0" classname="test.test01">
          <skipped />
    </testcase>
            <testcase name="testHeater" time="0.0" classname="test.test01">
          <skipped />
    </testcase>
            <testcase name="testHeater" time="0.0" classname="test.test01">
          <skipped />
    </testcase>
            <testcase name="testHeater" time="0.0" classname="test.test01">
          <skipped />
    </testcase>
            <testcase name="testHeater" time="0.0" classname="test.test01">
          <skipped />
    </testcase>
            <testcase name="testHeater" time="0.0" classname="test.test01">
          <skipped />
    </testcase>
            <testcase name="testHeater" time="0.0" classname="test.test01">
          <skipped />
    </testcase>
            <testcase name="testHeater" time="0.0" classname="test.test01">
          <skipped />
    </testcase>
            <testcase name="testHeater" time="0.0" classname="test.test01">
          <skipped />
    </testcase>
            <testcase name="testHeater" time="0.0" classname="test.test01">
          <skipped />
    </testcase>
            <testcase name="testHeater" time="0.0" classname="test.test01">
          <skipped />
    </testcase>
            <testcase name="testHeater" time="0.0" classname="test.test01">
          <skipped />
    </testcase>
            <testcase name="testHeater" time="0.0" classname="test.test01">
          <skipped />
    </testcase>
            <testcase name="testHeater" time="0.0" classname="test.test01">
          <skipped />
    </testcase>
            <testcase name="testHeater" time="0.0" classname="test.test01">
          <skipped />
    </testcase>
            <testcase name="testHeater" time="0.0" classname="test.test01">
          <skipped />
    </testcase>
            <testcase name="testHeater" time="0.0" classname="test.test01">
          <skipped />
    </testcase>
            <testcase name="testHeater" time="0.0" classname="test.test01">
          <skipped />
    </testcase>
            <testcase name="testHeater" time="0.0" classname="test.test01">
          <skipped />
    </testcase>
            <testcase name="testHeater" time="0.0" classname="test.test01">
          <skipped />
    </testcase>
            <testcase name="testHeater" time="0.0" classname="test.test01">
          <skipped />
    </testcase>
            <testcase name="testHeater" time="0.0" classname="test.test01">
          <skipped />
    </testcase>
            <testcase name="testHeater" time="0.0" classname="test.test01">
          <skipped />
    </testcase>
            <testcase name="testHeater" time="0.0" classname="test.test01">
          <skipped />
    </testcase>
            <testcase name="testHeater" time="0.0" classname="test.test01">
          <skipped />
    </testcase>
            <testcase name="testHeater" time="0.0" classname="test.test01">
          <skipped />
    </testcase>
            <testcase name="testHeater" time="0.0" classname="test.test01">
          <skipped />
    </testcase>
            <testcase name="testHeater" time="0.0" classname="test.test01">
          <skipped />
    </testcase>
            <testcase name="testHeater" time="0.0" classname="test.test01">
          <skipped />
    </testcase>
            <testcase name="testHeater" time="0.0" classname="test.test01">
          <skipped />
    </testcase>
            <testcase name="testHeater" time="0.0" classname="test.test01">
          <skipped />
    </testcase>
  
  
</testsuite>
